<?xml version="1.0" encoding="UTF-8"?>
<coverage generated="1777140184829" clover="3.2.0">
  <project timestamp="1777140184829" name="All files">
    <metrics statements="18" coveredstatements="17" conditionals="4" coveredconditionals="2" methods="7" coveredmethods="7" elements="29" coveredelements="26" complexity="0" loc="18" ncloc="18" packages="1" files="2" classes="2"/>
    <file name="app.js" path="/Users/ahmad/Documents/Semester_8/DevOps Assignment/Assignment_4/devops-infrastructure-pipelines/app/src/app.js">
      <metrics statements="11" coveredstatements="10" conditionals="2" coveredconditionals="1" methods="2" coveredmethods="2"/>
      <line num="1" count="1" type="stmt"/>
      <line num="2" count="1" type="stmt"/>
      <line num="4" count="1" type="stmt"/>
      <line num="7" count="1" type="stmt"/>
      <line num="8" count="1" type="stmt"/>
      <line num="12" count="1" type="stmt"/>
      <line num="13" count="1" type="stmt"/>
      <line num="14" count="1" type="cond" truecount="1" falsecount="1"/>
      <line num="15" count="0" type="stmt"/>
      <line num="17" count="1" type="stmt"/>
      <line num="20" count="1" type="stmt"/>
    </file>
    <file name="math.js" path="/Users/ahmad/Documents/Semester_8/DevOps Assignment/Assignment_4/devops-infrastructure-pipelines/app/src/math.js">
      <metrics statements="7" coveredstatements="7" conditionals="2" coveredconditionals="1" methods="5" coveredmethods="5"/>
      <line num="3" count="1" type="stmt"/>
      <line num="7" count="1" type="stmt"/>
      <line num="11" count="1" type="stmt"/>
      <line num="15" count="1" type="cond" truecount="1" falsecount="1"/>
      <line num="16" count="1" type="stmt"/>
      <line num="20" count="1" type="stmt"/>
      <line num="23" count="1" type="stmt"/>
    </file>
  </project>
</coverage>
