TN:
SF:src/app.js
FN:7,(anonymous_0)
FN:12,(anonymous_1)
FNF:2
FNH:2
FNDA:1,(anonymous_0)
FNDA:1,(anonymous_1)
DA:1,1
DA:2,1
DA:4,1
DA:7,1
DA:8,1
DA:12,1
DA:13,1
DA:14,1
DA:15,0
DA:17,1
DA:20,1
LF:11
LH:10
BRDA:14,0,0,0
BRDA:14,0,1,1
BRF:2
BRH:1
end_of_record
TN:
SF:src/math.js
FN:2,add
FN:6,subtract
FN:10,multiply
FN:14,divide
FN:19,isEven
FNF:5
FNH:5
FNDA:1,add
FNDA:1,subtract
FNDA:1,multiply
FNDA:1,divide
FNDA:1,isEven
DA:3,1
DA:7,1
DA:11,1
DA:15,1
DA:16,1
DA:20,1
DA:23,1
LF:7
LH:7
BRDA:15,0,0,0
BRDA:15,0,1,1
BRF:2
BRH:1
end_of_record
